<?xml version="1.0" encoding="UTF-8"?>
<testsuite name="Variant6Test" tests="10" skipped="0" failures="0" errors="0" timestamp="2024-10-24T14:00:58" hostname="DESKTOP-N54MRD3" time="0.873">
  <properties/>
  <testcase name="testIntegerNumbersTask()" classname="Variant6Test" time="0.809"/>
  <testcase name="testWhileTask()" classname="Variant6Test" time="0.004"/>
  <testcase name="testForTask()" classname="Variant6Test" time="0.002"/>
  <testcase name="testSwitchTask()" classname="Variant6Test" time="0.005"/>
  <testcase name="testArrayTask()" classname="Variant6Test" time="0.005"/>
  <testcase name="testNegativeWhileTask()" classname="Variant6Test" time="0.004"/>
  <testcase name="testNegativeArrayTask()" classname="Variant6Test" time="0.003"/>
  <testcase name="testIfTask()" classname="Variant6Test" time="0.003"/>
  <testcase name="testTwoDimensionArrayTask()" classname="Variant6Test" time="0.015"/>
  <testcase name="testBooleanTask()" classname="Variant6Test" time="0.006"/>
  <system-out><![CDATA[]]></system-out>
  <system-err><![CDATA[]]></system-err>
</testsuite>
